make all --print-data-base --no-builtin-variables --no-builtin-rules --question
make: *** No rule to make target 'all'.  Stop.

# GNU Make 4.3
# Built for x86_64-pc-linux-gnu
# Copyright (C) 1988-2020 Free Software Foundation, Inc.
# License GPLv3+: GNU GPL version 3 or later <http://gnu.org/licenses/gpl.html>
# This is free software: you are free to change and redistribute it.
# There is NO WARRANTY, to the extent permitted by law.

# Make data base, printed on Tue Aug  9 08:13:50 2022

# Variables

# environment
GDK_BACKEND = x11
# environment
LC_ALL = C
# environment
NO_AT_BRIDGE = 1
# environment
LC_NAME = en_NZ.UTF-8
# environment
LC_NUMERIC = en_NZ.UTF-8
# environment
VSCODE_CWD = /home/phiro/IdeaProjects/training-kube-certification
# environment
WINDOWPATH = 2
# environment
LC_ADDRESS = en_NZ.UTF-8
# environment
GDM_LANG = en_NZ.UTF-8
# default
MAKE_COMMAND := make
# environment
GTK3_MODULES = xapp-gtk3-module
# automatic
@D = $(patsubst %/,%,$(dir $@))
# environment
VSCODE_HANDLES_UNCAUGHT_ERRORS = true
# default
.VARIABLES := 
# environment
PWD = /home/phiro/IdeaProjects/training-kube-certification
# automatic
%D = $(patsubst %/,%,$(dir $%))
# environment
MAIL = /var/spool/mail/phiro
# environment
XDG_DATA_DIRS = /home/phiro/.local/share/flatpak/exports/share:/var/lib/flatpak/exports/share:/usr/local/share/:/usr/share/:/var/lib/snapd/desktop
# automatic
^D = $(patsubst %/,%,$(dir $^))
# automatic
%F = $(notdir $%)
# environment
VSCODE_CODE_CACHE_PATH = /home/phiro/.config/Code/CachedData/3b889b090b5ad5793f524b5d1d39fda662b96a2a
# environment
LANG = C
# environment
XAUTHORITY = /run/user/1000/gdm/Xauthority
# default
.LOADED := 
# default
.INCLUDE_DIRS = /usr/include /usr/local/include /usr/include
# environment
GNOME_TERMINAL_SERVICE = :1.92
# makefile
MAKEFLAGS = pqrR
# makefile
CURDIR := /home/phiro/IdeaProjects/training-kube-certification
# environment
APPLICATION_INSIGHTS_NO_DIAGNOSTIC_CHANNEL = true
# automatic
*D = $(patsubst %/,%,$(dir $*))
# environment
MFLAGS = -pqrR
# environment
SSH_AUTH_SOCK = /run/user/1000/keyring/ssh
# default
.SHELLFLAGS := -c
# automatic
+D = $(patsubst %/,%,$(dir $+))
# environment
XDG_SESSION_DESKTOP = gnome
# makefile (from 'Makefile', line 1)
MAKEFILE_LIST := Makefile
# automatic
@F = $(notdir $@)
# environment
VSCODE_PID = 14906
# environment
XDG_SESSION_TYPE = x11
# automatic
?D = $(patsubst %/,%,$(dir $?))
# environment
SESSION_MANAGER = local/philip-precision7740:@/tmp/.ICE-unix/3635,unix/philip-precision7740:/tmp/.ICE-unix/3635
# automatic
*F = $(notdir $*)
# environment
QT_QPA_PLATFORMTHEME = qt5ct
# environment
CHROME_DESKTOP = code-url-handler.desktop
# environment
DBUS_SESSION_BUS_ADDRESS = unix:path=/run/user/1000/bus
# automatic
<D = $(patsubst %/,%,$(dir $<))
# environment
VSCODE_NLS_CONFIG = {"locale":"en-gb","availableLanguages":{},"_languagePackSupport":true}
# default
MAKE_HOST := x86_64-pc-linux-gnu
# makefile
SHELL = /bin/sh
# makefile (from 'Makefile', line 1)
version = "20220806.3"
# default
MAKECMDGOALS := all
# environment
XMODIFIERS = @im=ibus
# environment
SHLVL = 2
# environment
GNOME_TERMINAL_SCREEN = /org/gnome/Terminal/screen/3460469b_8a8d_4771_8782_19798e59c559
# environment
MAKELEVEL := 0
# default
MAKE = $(MAKE_COMMAND)
# environment
PATH = /home/phiro/.bin:/usr/local/bin:/usr/bin:/var/lib/snapd/snap/bin:/usr/local/sbin:/var/lib/flatpak/exports/bin:/usr/lib/jvm/default/bin:/usr/bin/site_perl:/usr/bin/vendor_perl:/usr/bin/core_perl:/home/phiro/.local/share/JetBrains/Toolbox/scripts
# default
MAKEFILES := 
# environment
LC_MONETARY = en_NZ.UTF-8
# environment
MOTD_SHOWN = pam
# automatic
^F = $(notdir $^)
# environment
LC_TIME = en_NZ.UTF-8
# makefile (from 'Makefile', line 2)
istio_version = "1.13.7"
# environment
USERNAME = phiro
# environment
LC_TELEPHONE = en_NZ.UTF-8
# automatic
?F = $(notdir $?)
# environment
XDG_CURRENT_DESKTOP = GNOME
# automatic
+F = $(notdir $+)
# environment
DESKTOP_SESSION = gnome
# environment
ORIGINAL_XDG_CURRENT_DESKTOP = GNOME
# 'override' directive
GNUMAKEFLAGS := 
# environment
BROWSER = firefox
# environment
LOGNAME = phiro
# makefile
.DEFAULT_GOAL := create_user
# environment
SYSTEMD_EXEC_PID = 3651
# environment
HISTCONTROL = ignoreboth:erasedups
# environment
EDITOR = nano
# environment
DISPLAY = :1
# environment
USER = phiro
# default
MAKE_VERSION := 4.3
# environment
LC_MEASUREMENT = en_NZ.UTF-8
# environment
PAGER = most
# environment
_ = /usr/bin/make
# environment
LC_PAPER = en_NZ.UTF-8
# environment
XDG_RUNTIME_DIR = /run/user/1000
# environment
COLORTERM = truecolor
# environment
VISUAL = nano
# environment
XDG_SESSION_CLASS = user
# environment
VSCODE_AMD_ENTRYPOINT = vs/workbench/api/node/extensionHostProcess
# environment
HOME = /home/phiro
# environment
QT_IM_MODULE = ibus
# environment
ELECTRON_RUN_AS_NODE = 1
# environment
VSCODE_IPC_HOOK = /run/user/1000/vscode-7a77babe-1.69.2-main.sock
# environment
TERM = xterm-256color
# default
.RECIPEPREFIX := 
# automatic
<F = $(notdir $<)
# default
SUFFIXES := 
# environment
VSCODE_CLI = 1
# environment
ELECTRON_NO_ATTACH_CONSOLE = 1
# environment
VTE_VERSION = 6800
# default
.FEATURES := target-specific order-only second-expansion else-if shortest-stem undefine oneshell nocomment grouped-target extra-prereqs archives jobserver output-sync check-symlink guile load
# environment
XDG_MENU_PREFIX = gnome-
# environment
GDMSESSION = gnome
# environment
LC_IDENTIFICATION = en_NZ.UTF-8
# variable set hash-table stats:
# Load=104/1024=10%, Rehash=0, Collisions=11/134=8%

# Pattern-specific Variable Values

# No pattern-specific variable values.

# Directories

# . (device 65024, inode 55184372): 22 files, no impossibilities.

# 22 files, no impossibilities in 1 directories.

# Implicit Rules

# No implicit rules.

# Files

app_container_build_all: app_container_gateway app_container_datasource
#  Implicit rule search has not been done.
#  Modification time never checked.
#  File has not been updated.

deploy_test:
#  Implicit rule search has not been done.
#  Modification time never checked.
#  File has not been updated.
#  recipe to execute (from 'Makefile', line 15):
	cd stack/kustomize && kubectl apply -k overlays/test

app_build_all_release: app_build_gateway_release app_build_datasource_release
#  Implicit rule search has not been done.
#  Modification time never checked.
#  File has not been updated.

app_container_gateway:
#  Implicit rule search has not been done.
#  Modification time never checked.
#  File has not been updated.
#  recipe to execute (from 'Makefile', line 50):
	docker build --build-arg path=apps --build-arg app_name=gateway -t phiroict/training_k8s_rust_gateway:$(version) -f infra/docker/Dockerfile  .
	docker push phiroict/training_k8s_rust_gateway:$(version)

deploy_uat:
#  Implicit rule search has not been done.
#  Modification time never checked.
#  File has not been updated.
#  recipe to execute (from 'Makefile', line 17):
	cd stack/kustomize && kubectl apply -k overlays/uat

create_user:
#  Implicit rule search has not been done.
#  Modification time never checked.
#  File has not been updated.
#  recipe to execute (from 'Makefile', line 5):
	bash ./create_certificate.sh "phiroict"

undeploy_dev:
#  Implicit rule search has not been done.
#  Modification time never checked.
#  File has not been updated.
#  recipe to execute (from 'Makefile', line 22):
	cd stack/kustomize && kubectl delete -k overlays/dev

deploy_dev:
#  Implicit rule search has not been done.
#  Modification time never checked.
#  File has not been updated.
#  recipe to execute (from 'Makefile', line 13):
	cd stack/kustomize && kubectl apply -k overlays/dev

# Not a target:
Makefile:
#  Implicit rule search has been done.
 
#  Last modified 2022-08-08 18:53:43.527179813
#  File has been updated.
#  Successfully updated.

istio_extras:
#  Implicit rule search has not been done.
#  Modification time never checked.
#  File has not been updated.
#  recipe to execute (from 'Makefile', line 82):
	wget https://storage.googleapis.com/istio-release/releases/$(istio_version)/istio-$(istio_version)-linux-amd64.tar.gz 
	tar xfv istio-$(istio_version)-linux-amd64.tar.gz
	kubectl apply -f istio-$(istio_version)/samples/addons/

minikube_podman:
#  Implicit rule search has not been done.
#  Modification time never checked.
#  File has not been updated.
#  recipe to execute (from 'Makefile', line 62):
	minikube config set rootless true
	minikube start --driver podman --container-runtime containerd  --nodes 4 --cpus 2 --memory 8000M
	minikube addons enable ingress

istio_inject:
#  Implicit rule search has not been done.
#  Modification time never checked.
#  File has not been updated.
#  recipe to execute (from 'Makefile', line 77):
	kubectl label namespace dev-applications istio-injection=enabled --overwrite
	kubectl label namespace test-applications istio-injection=enabled --overwrite
	kubectl label namespace uat-applications istio-injection=enabled --overwrite
	kubectl label namespace prod-applications istio-injection=enabled --overwrite

app_run_all:
#  Implicit rule search has not been done.
#  Modification time never checked.
#  File has not been updated.
#  recipe to execute (from 'Makefile', line 38):
	cd apps/gateway && nohup cargo run&
	cd apps/datasource && nohup cargo run&

app_build_gateway_release:
#  Implicit rule search has not been done.
#  Modification time never checked.
#  File has not been updated.
#  recipe to execute (from 'Makefile', line 43):
	cd apps/gateway && cargo build --release

minikube_kvm2:
#  Implicit rule search has not been done.
#  Modification time never checked.
#  File has not been updated.
#  recipe to execute (from 'Makefile', line 72):
	minikube start --driver kvm2 --nodes 4 --cpus 2 --memory 8000M
	minikube addons enable ingress

docker_compose_run:
#  Implicit rule search has not been done.
#  Modification time never checked.
#  File has not been updated.
#  recipe to execute (from 'Makefile', line 57):
	cd infra/docker && docker-compose up -d

istio_init:
#  Implicit rule search has not been done.
#  Modification time never checked.
#  File has not been updated.
#  recipe to execute (from 'Makefile', line 75):
	istioctl install --set profile=demo -y

deploy_prod:
#  Implicit rule search has not been done.
#  Modification time never checked.
#  File has not been updated.
#  recipe to execute (from 'Makefile', line 19):
	cd stack/kustomize && kubectl apply -k overlays/prod

minikube_virtualbox:
#  Implicit rule search has not been done.
#  Modification time never checked.
#  File has not been updated.
#  recipe to execute (from 'Makefile', line 69):
	minikube start --driver virtualbox --nodes 4 --cpus 2 --memory 8000M
	minikube addons enable ingress

# Not a target:
.DEFAULT:
#  Implicit rule search has not been done.
#  Modification time never checked.
#  File has not been updated.

# Not a target:
all:
#  Command line target.
#  Implicit rule search has been done.
#  File does not exist.
#  File has not been updated.

docker_compose_stop:
#  Implicit rule search has not been done.
#  Modification time never checked.
#  File has not been updated.
#  recipe to execute (from 'Makefile', line 59):
	cd infra/docker && docker-compose down

app_init:
#  Implicit rule search has not been done.
#  Modification time never checked.
#  File has not been updated.
#  recipe to execute (from 'Makefile', line 27):
	rustup override set nightly
	cargo install cargo-release
	rustup component add clippy
	rustup component add rustfmt

app_build_datasource:
#  Implicit rule search has not been done.
#  Modification time never checked.
#  File has not been updated.
#  recipe to execute (from 'Makefile', line 35):
	cd apps/datasource && cargo build 

minikube_docker:
#  Implicit rule search has not been done.
#  Modification time never checked.
#  File has not been updated.
#  recipe to execute (from 'Makefile', line 66):
	minikube start --driver docker  --nodes 4 --cpus 2 --memory 8000M
	minikube addons enable ingress

create_sa_token_dashboard_admin:
#  Implicit rule search has not been done.
#  Modification time never checked.
#  File has not been updated.
#  recipe to execute (from 'Makefile', line 9):
	k apply -f sa_token_generation.yaml

app_build_datasource_release:
#  Implicit rule search has not been done.
#  Modification time never checked.
#  File has not been updated.
#  recipe to execute (from 'Makefile', line 45):
	cd apps/datasource && cargo build --release

app_build_gateway:
#  Implicit rule search has not been done.
#  Modification time never checked.
#  File has not been updated.
#  recipe to execute (from 'Makefile', line 33):
	cd apps/gateway && cargo build 

app_container_datasource:
#  Implicit rule search has not been done.
#  Modification time never checked.
#  File has not been updated.
#  recipe to execute (from 'Makefile', line 53):
	docker build --build-arg path=apps --build-arg app_name=datasource -t phiroict/training_k8s_rust_datasource:$(version) -f infra/docker/Dockerfile  .
	docker push phiroict/training_k8s_rust_datasource:$(version)

app_build_all: app_build_gateway app_build_datasource
#  Implicit rule search has not been done.
#  Modification time never checked.
#  File has not been updated.

create_readonly_role_sa:
#  Implicit rule search has not been done.
#  Modification time never checked.
#  File has not been updated.
#  recipe to execute (from 'Makefile', line 7):
	k apply -f set-role-for-serviceaccount.yaml

# files hash-table stats:
# Load=32/1024=3%, Rehash=0, Collisions=0/48=0%
# VPATH Search Paths

# No 'vpath' search paths.

# No general ('VPATH' variable) search path.

# strcache buffers: 1 (0) / strings = 55 / storage = 866 B / avg = 15 B
# current buf: size = 8162 B / used = 866 B / count = 55 / avg = 15 B

# strcache performance: lookups = 93 / hit rate = 40%
# hash-table stats:
# Load=55/8192=1%, Rehash=0, Collisions=0/93=0%
# Finished Make data base on Tue Aug  9 08:13:50 2022

 
